<?xml version="1.0" encoding="UTF-8"?>
<testng-results skipped="0" failed="0" total="1" passed="1">
  <reporter-output>
  </reporter-output>
  <suite name="Default suite" duration-ms="60" started-at="2020-05-07T06:45:13Z" finished-at="2020-05-07T06:45:13Z">
    <groups>
    </groups>
    <test name="Default test" duration-ms="60" started-at="2020-05-07T06:45:13Z" finished-at="2020-05-07T06:45:13Z">
      <class name="AutoTest.flow.form">
        <test-method status="PASS" signature="before()[pri:0, instance:AutoTest.flow.form@6c64cb25]" name="before" is-config="true" duration-ms="10" started-at="2020-05-07T14:45:13Z" finished-at="2020-05-07T14:45:13Z">
          <reporter-output>
          </reporter-output>
        </test-method> <!-- before -->
        <test-method status="PASS" signature="test(AutoTest.DataProvider.TestInfo)[pri:0, instance:AutoTest.flow.form@6c64cb25]" name="test" duration-ms="17" started-at="2020-05-07T14:45:13Z" data-provider="data" finished-at="2020-05-07T14:45:13Z">
          <params>
            <param index="0">
              <value>
                <![CDATA[AutoTest.DataProvider.TestInfo@6b2ea799]]>
              </value>
            </param>
          </params>
          <reporter-output>
          </reporter-output>
        </test-method> <!-- test -->
        <test-method status="PASS" signature="after()[pri:0, instance:AutoTest.flow.form@6c64cb25]" name="after" is-config="true" duration-ms="5" started-at="2020-05-07T14:45:13Z" finished-at="2020-05-07T14:45:13Z">
          <reporter-output>
          </reporter-output>
        </test-method> <!-- after -->
      </class> <!-- AutoTest.flow.form -->
    </test> <!-- Default test -->
  </suite> <!-- Default suite -->
</testng-results>
